[2018-04-11T15:20:28.523] [ERROR] error - 
*************** error log start ***************
request method: GET
request header: {"host":"localhost:3001","connection":"keep-alive","cache-control":"max-age=0","upgrade-insecure-requests":"1","user-agent":"Mozilla/5.0 (Windows NT 6.1; WOW64) AppleWebKit/537.36 (KHTML, like Gecko) Chrome/65.0.3325.181 Safari/537.36","accept":"text/html,application/xhtml+xml,application/xml;q=0.9,image/webp,image/apng,*/*;q=0.8","accept-encoding":"gzip, deflate, br","accept-language":"zh-CN,zh;q=0.9","cookie":"Webstorm-7248cd63=c57e2df5-18cd-420a-9d4c-9ec2567b21eb"}
request url:  /add?userName=admin&userPass=456
request client ip:  ::1
request query:  {"userName":"admin","userPass":"456"}
response time: 561ms
error name: SequelizeDatabaseError
error stack: SequelizeDatabaseError: Unknown column 'createdAt' in 'field list'
    at Query.formatError (D:\Project\koa-template\node_modules\sequelize\lib\dialects\mysql\query.js:247:16)
    at Query.handler [as onResult] (D:\Project\koa-template\node_modules\sequelize\lib\dialects\mysql\query.js:68:23)
    at Query.Command.execute (D:\Project\koa-template\node_modules\mysql2\lib\commands\command.js:30:12)
    at Connection.handlePacket (D:\Project\koa-template\node_modules\mysql2\lib\connection.js:502:28)
    at PacketParser.onPacket (D:\Project\koa-template\node_modules\mysql2\lib\connection.js:81:16)
    at PacketParser.executeStart (D:\Project\koa-template\node_modules\mysql2\lib\packet_parser.js:77:14)
    at Socket.<anonymous> (D:\Project\koa-template\node_modules\mysql2\lib\connection.js:89:29)
    at emitOne (events.js:115:13)
    at Socket.emit (events.js:210:7)
    at addChunk (_stream_readable.js:266:12)
    at readableAddChunk (_stream_readable.js:253:11)
    at Socket.Readable.push (_stream_readable.js:211:10)
    at TCP.onread (net.js:585:20)
*************** error log end ***************

